<?xml version="1.0" encoding="UTF-8"?>
<!-- Generated by org.testng.reporters.JUnitReportReporter -->
<testsuite skipped="0" hostname="Dell7" name="StrangerTCs.TestPage" tests="1" failures="0" timestamp="17 Apr 2020 04:58:59 GMT" time="2.516" errors="0">
  <testcase name="ExecuteTests" time="2.516" classname="StrangerTCs.TestPage"/>
</testsuite> <!-- StrangerTCs.TestPage -->
